0 info it worked if it ends with ok
1 verbose cli [ '/usr/local/Cellar/node/6.2.1/bin/node',
1 verbose cli   '/usr/local/bin/npm',
1 verbose cli   'run',
1 verbose cli   'test' ]
2 info using npm@3.9.3
3 info using node@v6.2.1
4 verbose run-script [ 'pretest', 'test', 'posttest' ]
5 info lifecycle hapi-node-postgres@4.0.0~pretest: hapi-node-postgres@4.0.0
6 silly lifecycle hapi-node-postgres@4.0.0~pretest: no script for pretest, continuing
7 info lifecycle hapi-node-postgres@4.0.0~test: hapi-node-postgres@4.0.0
8 verbose lifecycle hapi-node-postgres@4.0.0~test: unsafe-perm in lifecycle true
9 verbose lifecycle hapi-node-postgres@4.0.0~test: PATH: /usr/local/lib/node_modules/npm/bin/node-gyp-bin:/Users/sulf/Development/hapi-node-postgres/node_modules/.bin:/usr/local/Cellar/node/6.2.1/bin:/usr/local/bin:/usr/bin:/bin:/usr/sbin:/sbin
10 verbose lifecycle hapi-node-postgres@4.0.0~test: CWD: /Users/sulf/Development/hapi-node-postgres
11 silly lifecycle hapi-node-postgres@4.0.0~test: Args: [ '-c', './node_modules/lab/bin/lab -c -L' ]
12 info lifecycle hapi-node-postgres@4.0.0~test: Failed to exec test script
13 verbose stack Error: hapi-node-postgres@4.0.0 test: `./node_modules/lab/bin/lab -c -L`
13 verbose stack spawn ENOENT
13 verbose stack     at ChildProcess.<anonymous> (/usr/local/lib/node_modules/npm/lib/utils/spawn.js:17:16)
13 verbose stack     at emitTwo (events.js:106:13)
13 verbose stack     at ChildProcess.emit (events.js:191:7)
13 verbose stack     at maybeClose (internal/child_process.js:852:16)
13 verbose stack     at Process.ChildProcess._handle.onexit (internal/child_process.js:215:5)
14 verbose pkgid hapi-node-postgres@4.0.0
15 verbose cwd /Users/sulf/Development/hapi-node-postgres
16 error Darwin 15.6.0
17 error argv "/usr/local/Cellar/node/6.2.1/bin/node" "/usr/local/bin/npm" "run" "test"
18 error node v6.2.1
19 error npm  v3.9.3
20 error file sh
21 error code ELIFECYCLE
22 error errno ENOENT
23 error syscall spawn
24 error hapi-node-postgres@4.0.0 test: `./node_modules/lab/bin/lab -c -L`
24 error spawn ENOENT
25 error Failed at the hapi-node-postgres@4.0.0 test script './node_modules/lab/bin/lab -c -L'.
25 error Make sure you have the latest version of node.js and npm installed.
25 error If you do, this is most likely a problem with the hapi-node-postgres package,
25 error not with npm itself.
25 error Tell the author that this fails on your system:
25 error     ./node_modules/lab/bin/lab -c -L
25 error You can get information on how to open an issue for this project with:
25 error     npm bugs hapi-node-postgres
25 error Or if that isn't available, you can get their info via:
25 error     npm owner ls hapi-node-postgres
25 error There is likely additional logging output above.
26 verbose exit [ 1, true ]
